Makefile
my_ptrace
my_ptrace.c
my_ptrace.i
my_ptrace.o
my_ptrace.s
out.out
SYS_tgkill -<
SYS_rt_sigprocmask -<
SYS_rt_sigprocmask -<
SYS_execve -<
SYS_execve -<
SYS_execve -<
SYS_brk -<
SYS_brk -<
SYS_arch_prctl -<
SYS_arch_prctl -<
SYS_access -<
SYS_access -<
SYS_openat -<
SYS_openat -<
SYS_fstat -<
SYS_fstat -<
SYS_mmap -<
SYS_mmap -<
SYS_close -<
SYS_close -<
SYS_openat -<
SYS_openat -<
SYS_read -<
SYS_read -<
SYS_fstat -<
SYS_fstat -<
SYS_mmap -<
SYS_mmap -<
SYS_mmap -<
SYS_mmap -<
SYS_mprotect -<
SYS_mprotect -<
SYS_mmap -<
SYS_mmap -<
SYS_mmap -<
SYS_mmap -<
SYS_mmap -<
SYS_mmap -<
SYS_mmap -<
SYS_mmap -<
SYS_close -<
SYS_close -<
SYS_openat -<
SYS_openat -<
SYS_read -<
SYS_read -<
SYS_pread64 -<
SYS_pread64 -<
SYS_pread64 -<
SYS_pread64 -<
SYS_pread64 -<
SYS_pread64 -<
SYS_fstat -<
SYS_fstat -<
SYS_pread64 -<
SYS_pread64 -<
SYS_pread64 -<
SYS_pread64 -<
SYS_pread64 -<
SYS_pread64 -<
SYS_mmap -<
SYS_mmap -<
SYS_mprotect -<
SYS_mprotect -<
SYS_mmap -<
SYS_mmap -<
SYS_mmap -<
SYS_mmap -<
SYS_mmap -<
SYS_mmap -<
SYS_mmap -<
SYS_mmap -<
SYS_close -<
SYS_close -<
SYS_openat -<
SYS_openat -<
SYS_read -<
SYS_read -<
SYS_fstat -<
SYS_fstat -<
SYS_mmap -<
SYS_mmap -<
SYS_mmap -<
SYS_mmap -<
SYS_mmap -<
SYS_mmap -<
SYS_mmap -<
SYS_mmap -<
SYS_close -<
SYS_close -<
SYS_openat -<
SYS_openat -<
SYS_read -<
SYS_read -<
SYS_fstat -<
SYS_fstat -<
SYS_mmap -<
SYS_mmap -<
SYS_mmap -<
SYS_mmap -<
SYS_mmap -<
SYS_mmap -<
SYS_mmap -<
SYS_mmap -<
SYS_close -<
SYS_close -<
SYS_openat -<
SYS_openat -<
SYS_read -<
SYS_read -<
SYS_pread64 -<
SYS_pread64 -<
SYS_fstat -<
SYS_fstat -<
SYS_pread64 -<
SYS_pread64 -<
SYS_mmap -<
SYS_mmap -<
SYS_mmap -<
SYS_mmap -<
SYS_mmap -<
SYS_mmap -<
SYS_mmap -<
SYS_mmap -<
SYS_mmap -<
SYS_mmap -<
SYS_close -<
SYS_close -<
SYS_mmap -<
SYS_mmap -<
SYS_arch_prctl -<
SYS_arch_prctl -<
SYS_mprotect -<
SYS_mprotect -<
SYS_mprotect -<
SYS_mprotect -<
SYS_mprotect -<
SYS_mprotect -<
SYS_mprotect -<
SYS_mprotect -<
SYS_mprotect -<
SYS_mprotect -<
SYS_mprotect -<
SYS_mprotect -<
SYS_mprotect -<
SYS_mprotect -<
SYS_munmap -<
SYS_munmap -<
SYS_set_tid_address -<
SYS_set_tid_address -<
SYS_set_robust_list -<
SYS_set_robust_list -<
SYS_rt_sigaction -<
SYS_rt_sigaction -<
SYS_rt_sigaction -<
SYS_rt_sigaction -<
SYS_rt_sigprocmask -<
SYS_rt_sigprocmask -<
SYS_prlimit64 -<
SYS_prlimit64 -<
SYS_statfs -<
SYS_statfs -<
SYS_statfs -<
SYS_statfs -<
SYS_brk -<
SYS_brk -<
SYS_brk -<
SYS_brk -<
SYS_openat -<
SYS_openat -<
SYS_fstat -<
SYS_fstat -<
SYS_read -<
SYS_read -<
SYS_read -<
SYS_read -<
SYS_close -<
SYS_close -<
SYS_access -<
SYS_access -<
SYS_openat -<
SYS_openat -<
SYS_fstat -<
SYS_fstat -<
SYS_mmap -<
SYS_mmap -<
SYS_close -<
SYS_close -<
SYS_ioctl -<
SYS_ioctl -<
SYS_ioctl -<
SYS_ioctl -<
SYS_openat -<
SYS_openat -<
SYS_fstat -<
SYS_fstat -<
SYS_getdents64 -<
SYS_getdents64 -<
SYS_getdents64 -<
SYS_getdents64 -<
SYS_close -<
SYS_close -<
SYS_fstat -<
SYS_fstat -<
SYS_write -<
SYS_write -<
SYS_close -<
SYS_close -<
SYS_close -<
SYS_close -<
SYS_exit_group -<
